Added Component: Designator=IMU1(LGA-24)
Add component. Clean all parameters for all variants
Add component (AddParameter): Name = "Supplier 1"; Value = "Digikey"; VariantName = "[No Variations]"
Add component (AddParameter): Name = "Supplier Part Number 1"; Value = "497-14946-1-ND"; VariantName = "[No Variations]"
Added Component: Designator=U1(WE-BAL_0805)
Add component. Clean all parameters for all variants
Add component (AddParameter): Name = "BalancedImpedance"; Value = "100O"; VariantName = "[No Variations]"
Add component (AddParameter): Name = "ComponentLink1Description"; Value = "Manufacturer"; VariantName = "[No Variations]"
Add component (AddParameter): Name = "ComponentLink1URL"; Value = "http://www.we-online.de"; VariantName = "[No Variations]"
Add component (AddParameter): Name = "ComponentLink2Description"; Value = "Datasheet"; VariantName = "[No Variations]"
Add component (AddParameter): Name = "ComponentLink2URL"; Value = "http://katalog.we-online.de/pbs/datasheet/748421245.pdf"; VariantName = "[No Variations]"
Add component (AddParameter): Name = "Frequence"; Value = "2400-2500MHz"; VariantName = "[No Variations]"
Add component (AddParameter): Name = "PartNumber"; Value = "748421245"; VariantName = "[No Variations]"
Add component (AddParameter): Name = "PublishedDate"; Value = "Aug 2016"; VariantName = "[No Variations]"
Add component (AddParameter): Name = "Publisher"; Value = "Wurth Elektronik"; VariantName = "[No Variations]"
Add component (AddParameter): Name = "Size"; Value = "0805"; VariantName = "[No Variations]"
Add component (AddParameter): Name = "Supplier 1"; Value = "Digikey"; VariantName = "[No Variations]"
Add component (AddParameter): Name = "Supplier Part Number 1"; Value = "712-1065-6-ND"; VariantName = "[No Variations]"
Added Pin To Net: NetName=GND Pin=C1-1
Added Pin To Net: NetName=V_BAT Pin=C1-2
Added Pin To Net: NetName=GND Pin=C2-1
Added Pin To Net: NetName=NetC2_2 Pin=C2-2
Added Pin To Net: NetName=GND Pin=C3-1
Added Pin To Net: NetName=VCC Pin=C3-2
Added Pin To Net: NetName=PGND Pin=C4-1
Added Pin To Net: NetName=V_BAT Pin=C4-2
Added Pin To Net: NetName=PGND Pin=C5-1
Added Pin To Net: NetName=V_BAT Pin=C5-2
Added Pin To Net: NetName=PGND Pin=C6-1
Added Pin To Net: NetName=V_BAT Pin=C6-2
Added Pin To Net: NetName=PGND Pin=C7-1
Added Pin To Net: NetName=V_BAT Pin=C7-2
Added Pin To Net: NetName=PGND Pin=C8-1
Added Pin To Net: NetName=V_BAT Pin=C8-2
Added Pin To Net: NetName=PGND Pin=C9-1
Added Pin To Net: NetName=V_BAT Pin=C9-2
Added Pin To Net: NetName=PGND Pin=C10-1
Added Pin To Net: NetName=V_BAT Pin=C10-2
Added Pin To Net: NetName=PGND Pin=C11-1
Added Pin To Net: NetName=V_BAT Pin=C11-2
Added Pin To Net: NetName=NetC12_1 Pin=C12-1
Added Pin To Net: NetName=GND Pin=C12-2
Added Pin To Net: NetName=NetC13_1 Pin=C13-1
Added Pin To Net: NetName=GND Pin=C13-2
Added Pin To Net: NetName=VCC Pin=C14-1
Added Pin To Net: NetName=GND Pin=C14-2
Added Pin To Net: NetName=GND Pin=C15-1
Added Pin To Net: NetName=VCC Pin=C15-2
Added Pin To Net: NetName=VCC Pin=C16-1
Added Pin To Net: NetName=GND Pin=C16-2
Added Pin To Net: NetName=V_BAT Pin=C17-1
Added Pin To Net: NetName=PGND Pin=C17-2
Added Pin To Net: NetName=V_BAT Pin=C18-1
Added Pin To Net: NetName=PGND Pin=C18-2
Added Pin To Net: NetName=GND Pin=C19-1
Added Pin To Net: NetName=VCC Pin=C19-2
Added Pin To Net: NetName=VCC Pin=C20-1
Added Pin To Net: NetName=GND Pin=C20-2
Added Pin To Net: NetName=RESET Pin=C21-1
Added Pin To Net: NetName=NetC21_2 Pin=C21-2
Added Pin To Net: NetName=GND Pin=C22-1
Added Pin To Net: NetName=NetC22_2 Pin=C22-2
Added Pin To Net: NetName=NetC23_1 Pin=C23-1
Added Pin To Net: NetName=GND Pin=C23-2
Added Pin To Net: NetName=NetC24_1 Pin=C24-1
Added Pin To Net: NetName=GND Pin=C24-2
Added Pin To Net: NetName=NetC25_1 Pin=C25-1
Added Pin To Net: NetName=GND Pin=C25-2
Added Pin To Net: NetName=NetC26_1 Pin=C26-1
Added Pin To Net: NetName=GND Pin=C26-2
Added Pin To Net: NetName=NetD1_1 Pin=D1-1
Added Pin To Net: NetName=V_BAT Pin=D1-2
Added Pin To Net: NetName=NetD2_1 Pin=D2-1
Added Pin To Net: NetName=V_BAT Pin=D2-2
Added Pin To Net: NetName=NetD3_1 Pin=D3-1
Added Pin To Net: NetName=V_BAT Pin=D3-2
Added Pin To Net: NetName=NetD4_1 Pin=D4-1
Added Pin To Net: NetName=V_BAT Pin=D4-2
Added Pin To Net: NetName=V_BAT Pin=DEBUG-1
Added Pin To Net: NetName=VCC Pin=DEBUG-2
Added Pin To Net: NetName=M1_PWM Pin=DEBUG-3
Added Pin To Net: NetName=M2_PWM Pin=DEBUG-4
Added Pin To Net: NetName=M3_PWM Pin=DEBUG-5
Added Pin To Net: NetName=M4_PWM Pin=DEBUG-6
Added Pin To Net: NetName=SCL Pin=DEBUG-7
Added Pin To Net: NetName=SDA Pin=DEBUG-8
Added Pin To Net: NetName=PGND Pin=DEBUG-9
Added Pin To Net: NetName=GND Pin=DEBUG-10
Added Pin To Net: NetName=LED1 Pin=DS1-1
Added Pin To Net: NetName=NetDS1_2 Pin=DS1-2
Added Pin To Net: NetName=LED2 Pin=DS2-1
Added Pin To Net: NetName=NetDS2_2 Pin=DS2-2
Added Pin To Net: NetName=LED3 Pin=DS3-1
Added Pin To Net: NetName=NetDS3_2 Pin=DS3-2
Added Pin To Net: NetName=NetC23_1 Pin=E1-1
Added Pin To Net: NetName=NetC21_2 Pin=FTDI-1
Added Pin To Net: NetName=TX0 Pin=FTDI-2
Added Pin To Net: NetName=RX0 Pin=FTDI-3
Added Pin To Net: NetName=GND Pin=FTDI-6
Added Pin To Net: NetName=VCC Pin=IMU1-1
Added Pin To Net: NetName=SCL Pin=IMU1-2
Added Pin To Net: NetName=VCC Pin=IMU1-3
Added Pin To Net: NetName=SDA Pin=IMU1-4
Added Pin To Net: NetName=NetIMU1_5 Pin=IMU1-5
Added Pin To Net: NetName=NetIMU1_6 Pin=IMU1-6
Added Pin To Net: NetName=NetIMU1_7 Pin=IMU1-7
Added Pin To Net: NetName=NetIMU1_8 Pin=IMU1-8
Added Pin To Net: NetName=GND Pin=IMU1-14
Added Pin To Net: NetName=GND Pin=IMU1-15
Added Pin To Net: NetName=GND Pin=IMU1-16
Added Pin To Net: NetName=GND Pin=IMU1-17
Added Pin To Net: NetName=GND Pin=IMU1-18
Added Pin To Net: NetName=GND Pin=IMU1-19
Added Pin To Net: NetName=GND Pin=IMU1-20
Added Pin To Net: NetName=NetC13_1 Pin=IMU1-21
Added Pin To Net: NetName=VCC Pin=IMU1-22
Added Pin To Net: NetName=VCC Pin=IMU1-23
Added Pin To Net: NetName=NetC12_1 Pin=IMU1-24
Added Pin To Net: NetName=MISO Pin=ISP-1
Added Pin To Net: NetName=SCK Pin=ISP-3
Added Pin To Net: NetName=MOSI Pin=ISP-4
Added Pin To Net: NetName=RESET Pin=ISP-5
Added Pin To Net: NetName=GND Pin=ISP-6
Added Pin To Net: NetName=V_BAT Pin=P1-1
Added Pin To Net: NetName=NetD1_1 Pin=P1-2
Added Pin To Net: NetName=V_BAT Pin=P2-1
Added Pin To Net: NetName=NetD2_1 Pin=P2-2
Added Pin To Net: NetName=V_BAT Pin=P3-1
Added Pin To Net: NetName=NetD3_1 Pin=P3-2
Added Pin To Net: NetName=V_BAT Pin=P4-1
Added Pin To Net: NetName=NetD4_1 Pin=P4-2
Added Pin To Net: NetName=V_BAT Pin=P5-1
Added Pin To Net: NetName=GND Pin=P5-2
Added Pin To Net: NetName=NetQ1_1 Pin=Q1-1
Added Pin To Net: NetName=PGND Pin=Q1-2
Added Pin To Net: NetName=NetD1_1 Pin=Q1-3
Added Pin To Net: NetName=NetQ2_1 Pin=Q2-1
Added Pin To Net: NetName=PGND Pin=Q2-2
Added Pin To Net: NetName=NetD2_1 Pin=Q2-3
Added Pin To Net: NetName=NetQ3_1 Pin=Q3-1
Added Pin To Net: NetName=PGND Pin=Q3-2
Added Pin To Net: NetName=NetD3_1 Pin=Q3-3
Added Pin To Net: NetName=NetQ4_1 Pin=Q4-1
Added Pin To Net: NetName=PGND Pin=Q4-2
Added Pin To Net: NetName=NetD4_1 Pin=Q4-3
Added Pin To Net: NetName=NetDS1_2 Pin=R3-1
Added Pin To Net: NetName=GND Pin=R3-2
Added Pin To Net: NetName=NetDS2_2 Pin=R4-1
Added Pin To Net: NetName=GND Pin=R4-2
Added Pin To Net: NetName=NetDS3_2 Pin=R5-1
Added Pin To Net: NetName=GND Pin=R5-2
Added Pin To Net: NetName=M2_PWM Pin=R6-1
Added Pin To Net: NetName=NetQ2_1 Pin=R6-2
Added Pin To Net: NetName=M3_PWM Pin=R7-1
Added Pin To Net: NetName=NetQ3_1 Pin=R7-2
Added Pin To Net: NetName=M4_PWM Pin=R8-1
Added Pin To Net: NetName=NetQ4_1 Pin=R8-2
Added Pin To Net: NetName=M1_PWM Pin=R9-1
Added Pin To Net: NetName=NetQ1_1 Pin=R9-2
Added Pin To Net: NetName=NetIMU1_5 Pin=R10-1
Added Pin To Net: NetName=VCC Pin=R10-2
Added Pin To Net: NetName=NetIMU1_6 Pin=R11-1
Added Pin To Net: NetName=VCC Pin=R11-2
Added Pin To Net: NetName=NetIMU1_7 Pin=R12-1
Added Pin To Net: NetName=VCC Pin=R12-2
Added Pin To Net: NetName=NetIMU1_8 Pin=R13-1
Added Pin To Net: NetName=VCC Pin=R13-2
Added Pin To Net: NetName=RESET Pin=R14-1
Added Pin To Net: NetName=VCC Pin=R14-2
Added Pin To Net: NetName=RFP Pin=R15-1
Added Pin To Net: NetName=NetR15_2 Pin=R15-2
Added Pin To Net: NetName=RFN Pin=R16-1
Added Pin To Net: NetName=NetR16_2 Pin=R16-2
Added Pin To Net: NetName=GND Pin=R17-1
Added Pin To Net: NetName=PGND Pin=R17-2
Added Pin To Net: NetName=RESET Pin=SW1-1
Added Pin To Net: NetName=GND Pin=SW1-3
Added Pin To Net: NetName=NetR15_2 Pin=U1-1
Added Pin To Net: NetName=GND Pin=U1-2
Added Pin To Net: NetName=NetC23_1 Pin=U1-4
Added Pin To Net: NetName=NetC22_2 Pin=U1-5
Added Pin To Net: NetName=NetR16_2 Pin=U1-6
Added Pin To Net: NetName=GND Pin=U2-7
Added Pin To Net: NetName=RFP Pin=U2-8
Added Pin To Net: NetName=RFN Pin=U2-9
Added Pin To Net: NetName=GND Pin=U2-10
Added Pin To Net: NetName=GND Pin=U2-11
Added Pin To Net: NetName=RESET Pin=U2-12
Added Pin To Net: NetName=GND Pin=U2-20
Added Pin To Net: NetName=NetC25_1 Pin=U2-21
Added Pin To Net: NetName=NetC24_1 Pin=U2-22
Added Pin To Net: NetName=VCC Pin=U2-23
Added Pin To Net: NetName=GND Pin=U2-24
Added Pin To Net: NetName=SCL Pin=U2-25
Added Pin To Net: NetName=SDA Pin=U2-26
Added Pin To Net: NetName=GND Pin=U2-33
Added Pin To Net: NetName=VCC Pin=U2-34
Added Pin To Net: NetName=GND Pin=U2-35
Added Pin To Net: NetName=SCK Pin=U2-37
Added Pin To Net: NetName=MOSI Pin=U2-38
Added Pin To Net: NetName=MISO Pin=U2-39
Added Pin To Net: NetName=M1_PWM Pin=U2-41
Added Pin To Net: NetName=VCC Pin=U2-44
Added Pin To Net: NetName=GND Pin=U2-45
Added Pin To Net: NetName=RX0 Pin=U2-46
Added Pin To Net: NetName=TX0 Pin=U2-47
Added Pin To Net: NetName=LED3 Pin=U2-48
Added Pin To Net: NetName=M2_PWM Pin=U2-49
Added Pin To Net: NetName=M3_PWM Pin=U2-50
Added Pin To Net: NetName=M4_PWM Pin=U2-51
Added Pin To Net: NetName=LED1 Pin=U2-52
Added Pin To Net: NetName=LED2 Pin=U2-53
Added Pin To Net: NetName=VCC Pin=U2-54
Added Pin To Net: NetName=GND Pin=U2-55
Added Pin To Net: NetName=GND Pin=U2-58
Added Pin To Net: NetName=VCC Pin=U2-59
Added Pin To Net: NetName=NetC26_1 Pin=U2-60
Added Pin To Net: NetName=GND Pin=U2-61
Added Pin To Net: NetName=GND Pin=U2-65
Added Pin To Net: NetName=V_BAT Pin=U3-1
Added Pin To Net: NetName=GND Pin=U3-2
Added Pin To Net: NetName=V_BAT Pin=U3-3
Added Pin To Net: NetName=NetC2_2 Pin=U3-4
Added Pin To Net: NetName=VCC Pin=U3-5
Added Member To Class: ClassName=imu Member=Component IMU1 iNEMO IMU
Added Member To Class: ClassName=microcontroller Member=Component U1 748421245
