Removed Member From Class: ClassName=signal Member=NetC2_2
Change component parameters: Designator = "U1"; Footprint = "WE-BAL_0805"; UniqueID = "\CBBCKGYW"
Change component parameters. Clean all parameters for all variants
Change component parameters (AddParameter): Name = "BalancedImpedance"; Value = "100O"; VariantName = "[No Variations]"
Change component parameters (AddParameter): Name = "ComponentLink1Description"; Value = "Manufacturer"; VariantName = "[No Variations]"
Change component parameters (AddParameter): Name = "ComponentLink1URL"; Value = "http://www.we-online.de"; VariantName = "[No Variations]"
Change component parameters (AddParameter): Name = "ComponentLink2Description"; Value = "Datasheet"; VariantName = "[No Variations]"
Change component parameters (AddParameter): Name = "ComponentLink2URL"; Value = "http://katalog.we-online.de/pbs/datasheet/748421245.pdf"; VariantName = "[No Variations]"
Change component parameters (AddParameter): Name = "Frequence"; Value = "2400-2500MHz"; VariantName = "[No Variations]"
Change component parameters (AddParameter): Name = "PartNumber"; Value = "748421245"; VariantName = "[No Variations]"
Change component parameters (AddParameter): Name = "PublishedDate"; Value = "Aug 2016"; VariantName = "[No Variations]"
Change component parameters (AddParameter): Name = "Publisher"; Value = "Wurth Elektronik"; VariantName = "[No Variations]"
Change component parameters (AddParameter): Name = "Size"; Value = "0805"; VariantName = "[No Variations]"
Change component parameters (AddParameter): Name = "Supplier 1"; Value = "Digikey"; VariantName = "[No Variations]"
Change component parameters (AddParameter): Name = "Supplier Part Number 1"; Value = "712-1065-6-ND"; VariantName = "[No Variations]"
Added Member To Class: ClassName=power_signals Member=Wire GND
Added Member To Class: ClassName=power_signals Member=Wire NetC2_2
Added Member To Class: ClassName=power_signals Member=Wire VCC
Added Room: Name=imu
Added Room: Name=microcontroller
Added Room: Name=power
