Removed Pin From Net: NetName=NetD1_1 Pin=D1-1
Removed Pin From Net: NetName=V_BAT Pin=D1-2
Removed Pin From Net: NetName=NetD2_1 Pin=D2-1
Removed Pin From Net: NetName=V_BAT Pin=D2-2
Removed Pin From Net: NetName=NetD3_1 Pin=D3-1
Removed Pin From Net: NetName=V_BAT Pin=D3-2
Removed Pin From Net: NetName=NetD4_1 Pin=D4-1
Removed Pin From Net: NetName=V_BAT Pin=D4-2
Removed Pin From Net: NetName=NetD1_1 Pin=P1-2
Removed Pin From Net: NetName=NetD2_1 Pin=P2-2
Removed Pin From Net: NetName=NetD3_1 Pin=P3-2
Removed Pin From Net: NetName=NetD4_1 Pin=P4-2
Removed Pin From Net: NetName=NetD1_1 Pin=Q1-3
Removed Pin From Net: NetName=NetD2_1 Pin=Q2-3
Removed Pin From Net: NetName=NetD3_1 Pin=Q3-3
Removed Pin From Net: NetName=NetD4_1 Pin=Q4-3
Removed Member From Class: ClassName=power_Nets Member=NetD1_1
Removed Member From Class: ClassName=power_Nets Member=NetD2_1
Removed Member From Class: ClassName=power_Nets Member=NetD3_1
Change Component Footprint: Designator=D1 Old Footprint=MCC-SOD123_V New Footprint=ONSC-POWERMITE-2-457-04_D_V
Change Component Footprint: Designator=D2 Old Footprint=MCC-SOD123_V New Footprint=ONSC-POWERMITE-2-457-04_D_V
Change Component Footprint: Designator=D3 Old Footprint=MCC-SOD123_V New Footprint=ONSC-POWERMITE-2-457-04_D_V
Change Component Footprint: Designator=D4 Old Footprint=MCC-SOD123_V New Footprint=ONSC-POWERMITE-2-457-04_D_V
Change Component Comment : Designator=D1 Old Comment=1N4448W-TP New Comment=MBRM130LT3G
Change Component Comment : Designator=D2 Old Comment=1N4448W-TP New Comment=MBRM130LT3G
Change Component Comment : Designator=D3 Old Comment=1N4448W-TP New Comment=MBRM130LT3G
Change Component Comment : Designator=D4 Old Comment=1N4448W-TP New Comment=MBRM130LT3G
Change component parameters: Designator = "U1"; Footprint = "WE-BAL_0805"; UniqueID = "\CBBCKGYW"
Change component parameters. Clean all parameters for all variants
Change component parameters (AddParameter): Name = "BalancedImpedance"; Value = "100O"; VariantName = "[No Variations]"
Change component parameters (AddParameter): Name = "ComponentLink1Description"; Value = "Manufacturer"; VariantName = "[No Variations]"
Change component parameters (AddParameter): Name = "ComponentLink1URL"; Value = "http://www.we-online.de"; VariantName = "[No Variations]"
Change component parameters (AddParameter): Name = "ComponentLink2Description"; Value = "Datasheet"; VariantName = "[No Variations]"
Change component parameters (AddParameter): Name = "ComponentLink2URL"; Value = "http://katalog.we-online.de/pbs/datasheet/748421245.pdf"; VariantName = "[No Variations]"
Change component parameters (AddParameter): Name = "Frequence"; Value = "2400-2500MHz"; VariantName = "[No Variations]"
Change component parameters (AddParameter): Name = "PartNumber"; Value = "748421245"; VariantName = "[No Variations]"
Change component parameters (AddParameter): Name = "PublishedDate"; Value = "Aug 2016"; VariantName = "[No Variations]"
Change component parameters (AddParameter): Name = "Publisher"; Value = "Wurth Elektronik"; VariantName = "[No Variations]"
Change component parameters (AddParameter): Name = "Size"; Value = "0805"; VariantName = "[No Variations]"
Change component parameters (AddParameter): Name = "Supplier 1"; Value = "Digikey"; VariantName = "[No Variations]"
Change component parameters (AddParameter): Name = "Supplier Part Number 1"; Value = "712-1065-6-ND"; VariantName = "[No Variations]"
Change component parameters: Designator = "D1"; Footprint = "ONSC-POWERMITE-2-457-04_D_V"; UniqueID = "\GBVCNJSX"
Change component parameters. Clean all parameters for all variants
Change component parameters (AddParameter): Name = "ComponentLink1Description"; Value = "Manufacturer URL"; VariantName = "[No Variations]"
Change component parameters (AddParameter): Name = "ComponentLink1URL"; Value = "http://www.onsemi.com/"; VariantName = "[No Variations]"
Change component parameters (AddParameter): Name = "ComponentLink2Description"; Value = "Datasheet"; VariantName = "[No Variations]"
Change component parameters (AddParameter): Name = "ComponentLink2URL"; Value = "http://www.onsemi.cn/pub_link/Collateral/MBRM130L-D.PDF"; VariantName = "[No Variations]"
Change component parameters (AddParameter): Name = "ComponentLink3Description"; Value = "Package Specification"; VariantName = "[No Variations]"
Change component parameters (AddParameter): Name = "ComponentLink3URL"; Value = "http://www.onsemi.com/pub_link/Collateral/457-04.PDF"; VariantName = "[No Variations]"
Change component parameters (AddParameter): Name = "Configuration"; Value = "Single"; VariantName = "[No Variations]"
Change component parameters (AddParameter): Name = "DatasheetVersion"; Value = "Rev. 5"; VariantName = "[No Variations]"
Change component parameters (AddParameter): Name = "IFSM Max (A)"; Value = "50"; VariantName = "[No Variations]"
Change component parameters (AddParameter): Name = "Manufacturer"; Value = "On Semiconductor"; VariantName = "[No Variations]"
Change component parameters (AddParameter): Name = "Mounting Technology"; Value = "Surface Mount"; VariantName = "[No Variations]"
Change component parameters (AddParameter): Name = "PackageDescription"; Value = "2-Pin POWERMITE, Body 1.965 x 1.9 mm"; VariantName = "[No Variations]"
Change component parameters (AddParameter): Name = "PackageReference"; Value = "POWERMITE-2-457-04"; VariantName = "[No Variations]"
Change component parameters (AddParameter): Name = "PackageVersion"; Value = "Rev. F, 05/2013"; VariantName = "[No Variations]"
Change component parameters (AddParameter): Name = "Packing"; Value = "Tape and Reel"; VariantName = "[No Variations]"
Change component parameters (AddParameter): Name = "PartNumber"; Value = "MBRM130LT3G"; VariantName = "[No Variations]"
Change component parameters (AddParameter): Name = "RoHS"; Value = "TRUE"; VariantName = "[No Variations]"
Change component parameters: Designator = "D2"; Footprint = "ONSC-POWERMITE-2-457-04_D_V"; UniqueID = "\RQAVWVLK"
Change component parameters. Clean all parameters for all variants
Change component parameters (AddParameter): Name = "ComponentLink1Description"; Value = "Manufacturer URL"; VariantName = "[No Variations]"
Change component parameters (AddParameter): Name = "ComponentLink1URL"; Value = "http://www.onsemi.com/"; VariantName = "[No Variations]"
Change component parameters (AddParameter): Name = "ComponentLink2Description"; Value = "Datasheet"; VariantName = "[No Variations]"
Change component parameters (AddParameter): Name = "ComponentLink2URL"; Value = "http://www.onsemi.cn/pub_link/Collateral/MBRM130L-D.PDF"; VariantName = "[No Variations]"
Change component parameters (AddParameter): Name = "ComponentLink3Description"; Value = "Package Specification"; VariantName = "[No Variations]"
Change component parameters (AddParameter): Name = "ComponentLink3URL"; Value = "http://www.onsemi.com/pub_link/Collateral/457-04.PDF"; VariantName = "[No Variations]"
Change component parameters (AddParameter): Name = "Configuration"; Value = "Single"; VariantName = "[No Variations]"
Change component parameters (AddParameter): Name = "DatasheetVersion"; Value = "Rev. 5"; VariantName = "[No Variations]"
Change component parameters (AddParameter): Name = "IFSM Max (A)"; Value = "50"; VariantName = "[No Variations]"
Change component parameters (AddParameter): Name = "Manufacturer"; Value = "On Semiconductor"; VariantName = "[No Variations]"
Change component parameters (AddParameter): Name = "Mounting Technology"; Value = "Surface Mount"; VariantName = "[No Variations]"
Change component parameters (AddParameter): Name = "PackageDescription"; Value = "2-Pin POWERMITE, Body 1.965 x 1.9 mm"; VariantName = "[No Variations]"
Change component parameters (AddParameter): Name = "PackageReference"; Value = "POWERMITE-2-457-04"; VariantName = "[No Variations]"
Change component parameters (AddParameter): Name = "PackageVersion"; Value = "Rev. F, 05/2013"; VariantName = "[No Variations]"
Change component parameters (AddParameter): Name = "Packing"; Value = "Tape and Reel"; VariantName = "[No Variations]"
Change component parameters (AddParameter): Name = "PartNumber"; Value = "MBRM130LT3G"; VariantName = "[No Variations]"
Change component parameters (AddParameter): Name = "RoHS"; Value = "TRUE"; VariantName = "[No Variations]"
Change component parameters: Designator = "D3"; Footprint = "ONSC-POWERMITE-2-457-04_D_V"; UniqueID = "\QJKXIPDU"
Change component parameters. Clean all parameters for all variants
Change component parameters (AddParameter): Name = "ComponentLink1Description"; Value = "Manufacturer URL"; VariantName = "[No Variations]"
Change component parameters (AddParameter): Name = "ComponentLink1URL"; Value = "http://www.onsemi.com/"; VariantName = "[No Variations]"
Change component parameters (AddParameter): Name = "ComponentLink2Description"; Value = "Datasheet"; VariantName = "[No Variations]"
Change component parameters (AddParameter): Name = "ComponentLink2URL"; Value = "http://www.onsemi.cn/pub_link/Collateral/MBRM130L-D.PDF"; VariantName = "[No Variations]"
Change component parameters (AddParameter): Name = "ComponentLink3Description"; Value = "Package Specification"; VariantName = "[No Variations]"
Change component parameters (AddParameter): Name = "ComponentLink3URL"; Value = "http://www.onsemi.com/pub_link/Collateral/457-04.PDF"; VariantName = "[No Variations]"
Change component parameters (AddParameter): Name = "Configuration"; Value = "Single"; VariantName = "[No Variations]"
Change component parameters (AddParameter): Name = "DatasheetVersion"; Value = "Rev. 5"; VariantName = "[No Variations]"
Change component parameters (AddParameter): Name = "IFSM Max (A)"; Value = "50"; VariantName = "[No Variations]"
Change component parameters (AddParameter): Name = "Manufacturer"; Value = "On Semiconductor"; VariantName = "[No Variations]"
Change component parameters (AddParameter): Name = "Mounting Technology"; Value = "Surface Mount"; VariantName = "[No Variations]"
Change component parameters (AddParameter): Name = "PackageDescription"; Value = "2-Pin POWERMITE, Body 1.965 x 1.9 mm"; VariantName = "[No Variations]"
Change component parameters (AddParameter): Name = "PackageReference"; Value = "POWERMITE-2-457-04"; VariantName = "[No Variations]"
Change component parameters (AddParameter): Name = "PackageVersion"; Value = "Rev. F, 05/2013"; VariantName = "[No Variations]"
Change component parameters (AddParameter): Name = "Packing"; Value = "Tape and Reel"; VariantName = "[No Variations]"
Change component parameters (AddParameter): Name = "PartNumber"; Value = "MBRM130LT3G"; VariantName = "[No Variations]"
Change component parameters (AddParameter): Name = "RoHS"; Value = "TRUE"; VariantName = "[No Variations]"
Change component parameters: Designator = "D4"; Footprint = "ONSC-POWERMITE-2-457-04_D_V"; UniqueID = "\OFLFESRD"
Change component parameters. Clean all parameters for all variants
Change component parameters (AddParameter): Name = "ComponentLink1Description"; Value = "Manufacturer URL"; VariantName = "[No Variations]"
Change component parameters (AddParameter): Name = "ComponentLink1URL"; Value = "http://www.onsemi.com/"; VariantName = "[No Variations]"
Change component parameters (AddParameter): Name = "ComponentLink2Description"; Value = "Datasheet"; VariantName = "[No Variations]"
Change component parameters (AddParameter): Name = "ComponentLink2URL"; Value = "http://www.onsemi.cn/pub_link/Collateral/MBRM130L-D.PDF"; VariantName = "[No Variations]"
Change component parameters (AddParameter): Name = "ComponentLink3Description"; Value = "Package Specification"; VariantName = "[No Variations]"
Change component parameters (AddParameter): Name = "ComponentLink3URL"; Value = "http://www.onsemi.com/pub_link/Collateral/457-04.PDF"; VariantName = "[No Variations]"
Change component parameters (AddParameter): Name = "Configuration"; Value = "Single"; VariantName = "[No Variations]"
Change component parameters (AddParameter): Name = "DatasheetVersion"; Value = "Rev. 5"; VariantName = "[No Variations]"
Change component parameters (AddParameter): Name = "IFSM Max (A)"; Value = "50"; VariantName = "[No Variations]"
Change component parameters (AddParameter): Name = "Manufacturer"; Value = "On Semiconductor"; VariantName = "[No Variations]"
Change component parameters (AddParameter): Name = "Mounting Technology"; Value = "Surface Mount"; VariantName = "[No Variations]"
Change component parameters (AddParameter): Name = "PackageDescription"; Value = "2-Pin POWERMITE, Body 1.965 x 1.9 mm"; VariantName = "[No Variations]"
Change component parameters (AddParameter): Name = "PackageReference"; Value = "POWERMITE-2-457-04"; VariantName = "[No Variations]"
Change component parameters (AddParameter): Name = "PackageVersion"; Value = "Rev. F, 05/2013"; VariantName = "[No Variations]"
Change component parameters (AddParameter): Name = "Packing"; Value = "Tape and Reel"; VariantName = "[No Variations]"
Change component parameters (AddParameter): Name = "PartNumber"; Value = "MBRM130LT3G"; VariantName = "[No Variations]"
Change component parameters (AddParameter): Name = "RoHS"; Value = "TRUE"; VariantName = "[No Variations]"
Added Pin To Net: NetName=V_BAT Pin=D1-1
Added Pin To Net: NetName=NetD4_1 Pin=D1-2
Added Pin To Net: NetName=V_BAT Pin=D2-1
Added Pin To Net: NetName=NetD3_1 Pin=D2-2
Added Pin To Net: NetName=V_BAT Pin=D3-1
Added Pin To Net: NetName=NetD2_1 Pin=D3-2
Added Pin To Net: NetName=NetD1_1 Pin=D4-2
Added Pin To Net: NetName=NetD4_1 Pin=P1-2
Added Pin To Net: NetName=NetD3_1 Pin=P2-2
Added Pin To Net: NetName=NetD2_1 Pin=P3-2
Added Pin To Net: NetName=NetD1_1 Pin=P4-2
Added Pin To Net: NetName=NetD4_1 Pin=Q1-3
Added Pin To Net: NetName=NetD3_1 Pin=Q2-3
Added Pin To Net: NetName=NetD2_1 Pin=Q3-3
Added Pin To Net: NetName=NetD1_1 Pin=Q4-3
Change Net Name : Old Net Name=NetD1_1 New Net Name=NetD4_2
Change Net Name : Old Net Name=NetD2_1 New Net Name=NetD3_2
Change Net Name : Old Net Name=NetD3_1 New Net Name=NetD2_2
Change Net Name : Old Net Name=NetD4_1 New Net Name=NetD1_2
Added Member To Class: ClassName=power_Nets Member=Wire NetD1_2
Added Member To Class: ClassName=power_Nets Member=Wire NetD2_2
Added Member To Class: ClassName=power_Nets Member=Wire NetD3_2
Added Member To Class: ClassName=power_Nets Member=Wire NetD4_2
