Removed Pin From Net: NetName=NetR15_2 Pin=U1-1
Removed Pin From Net: NetName=GND Pin=U1-2
Removed Pin From Net: NetName=NetC23_1 Pin=U1-4
Removed Pin From Net: NetName=NetC22_2 Pin=U1-5
Removed Pin From Net: NetName=NetR16_2 Pin=U1-6
Change component parameters: Designator = "U1"; Footprint = "WE-BAL_0805"; UniqueID = "\CBBCKGYW"
Change component parameters. Clean all parameters for all variants
Change component parameters (AddParameter): Name = "BalancedImpedance"; Value = "100O"; VariantName = "[No Variations]"
Change component parameters (AddParameter): Name = "ComponentLink1Description"; Value = "Manufacturer"; VariantName = "[No Variations]"
Change component parameters (AddParameter): Name = "ComponentLink1URL"; Value = "http://www.we-online.de"; VariantName = "[No Variations]"
Change component parameters (AddParameter): Name = "ComponentLink2Description"; Value = "Datasheet"; VariantName = "[No Variations]"
Change component parameters (AddParameter): Name = "ComponentLink2URL"; Value = "http://katalog.we-online.de/pbs/datasheet/748421245.pdf"; VariantName = "[No Variations]"
Change component parameters (AddParameter): Name = "Frequence"; Value = "2400-2500MHz"; VariantName = "[No Variations]"
Change component parameters (AddParameter): Name = "PartNumber"; Value = "748421245"; VariantName = "[No Variations]"
Change component parameters (AddParameter): Name = "PublishedDate"; Value = "Aug 2016"; VariantName = "[No Variations]"
Change component parameters (AddParameter): Name = "Publisher"; Value = "Wurth Elektronik"; VariantName = "[No Variations]"
Change component parameters (AddParameter): Name = "Size"; Value = "0805"; VariantName = "[No Variations]"
Change component parameters (AddParameter): Name = "Supplier 1"; Value = "Digikey"; VariantName = "[No Variations]"
Change component parameters (AddParameter): Name = "Supplier Part Number 1"; Value = "712-1065-6-ND"; VariantName = "[No Variations]"
Added Pin To Net: NetName=NetC23_1 Pin=U1-1
Added Pin To Net: NetName=NetC22_2 Pin=U1-2
Added Pin To Net: NetName=NetR16_2 Pin=U1-3
Added Pin To Net: NetName=NetR15_2 Pin=U1-4
Added Pin To Net: NetName=GND Pin=U1-5
