Removed Pin From Net: NetName=NetDS1_2 Pin=R3-1
Removed Pin From Net: NetName=GND Pin=R3-2
Removed Pin From Net: NetName=NetDS2_2 Pin=R4-1
Removed Pin From Net: NetName=GND Pin=R4-2
Removed Pin From Net: NetName=NetDS3_2 Pin=R5-1
Removed Pin From Net: NetName=GND Pin=R5-2
Removed Member From Class: ClassName=power Member=DS1
Removed Member From Class: ClassName=power Member=DS2
Removed Member From Class: ClassName=power Member=DS3
Removed Member From Class: ClassName=power Member=R3
Removed Member From Class: ClassName=power Member=R4
Removed Member From Class: ClassName=power Member=R5
Added Component: Designator=R_LED1(RESC0805(2012)_L)
Add component. Clean all parameters for all variants
Add component (AddParameter): Name = "Case-EIA"; Value = "0805"; VariantName = "[No Variations]"
Add component (AddParameter): Name = "Case-Metric"; Value = "2012"; VariantName = "[No Variations]"
Add component (AddParameter): Name = "Power"; Value = "0.125 W"; VariantName = "[No Variations]"
Add component (AddParameter): Name = "Technology"; Value = "SMT"; VariantName = "[No Variations]"
Add component (AddParameter): Name = "Tolerance"; Value = "5 %"; VariantName = "[No Variations]"
Add component (AddParameter): Name = "Value"; Value = "330.00 Ohm"; VariantName = "[No Variations]"
Added Component: Designator=R_LED2(RESC0805(2012)_L)
Add component. Clean all parameters for all variants
Add component (AddParameter): Name = "Case-EIA"; Value = "0805"; VariantName = "[No Variations]"
Add component (AddParameter): Name = "Case-Metric"; Value = "2012"; VariantName = "[No Variations]"
Add component (AddParameter): Name = "Power"; Value = "0.125 W"; VariantName = "[No Variations]"
Add component (AddParameter): Name = "Technology"; Value = "SMT"; VariantName = "[No Variations]"
Add component (AddParameter): Name = "Tolerance"; Value = "5 %"; VariantName = "[No Variations]"
Add component (AddParameter): Name = "Value"; Value = "330.00 Ohm"; VariantName = "[No Variations]"
Added Component: Designator=R_LED3(RESC0805(2012)_L)
Add component. Clean all parameters for all variants
Add component (AddParameter): Name = "Case-EIA"; Value = "0805"; VariantName = "[No Variations]"
Add component (AddParameter): Name = "Case-Metric"; Value = "2012"; VariantName = "[No Variations]"
Add component (AddParameter): Name = "Power"; Value = "0.125 W"; VariantName = "[No Variations]"
Add component (AddParameter): Name = "Technology"; Value = "SMT"; VariantName = "[No Variations]"
Add component (AddParameter): Name = "Tolerance"; Value = "5 %"; VariantName = "[No Variations]"
Add component (AddParameter): Name = "Value"; Value = "330.00 Ohm"; VariantName = "[No Variations]"
Added Pin To Net: NetName=NetDS1_2 Pin=R_LED1-1
Added Pin To Net: NetName=GND Pin=R_LED1-2
Added Pin To Net: NetName=NetDS2_2 Pin=R_LED2-1
Added Pin To Net: NetName=GND Pin=R_LED2-2
Added Pin To Net: NetName=NetDS3_2 Pin=R_LED3-1
Added Pin To Net: NetName=GND Pin=R_LED3-2
Change Class Name : Old Net Name=power_signals New Net Name=power_Nets
Added Member To Class: ClassName=microcontroller Member=Component DS1 LTST-C170GKT
Added Member To Class: ClassName=microcontroller Member=Component DS2 LTST-C170CKT
Added Member To Class: ClassName=microcontroller Member=Component DS3 LTST-C170YKT
Added Member To Class: ClassName=microcontroller Member=Component R_LED1 330R 5% 0805(2012)
Added Member To Class: ClassName=microcontroller Member=Component R_LED2 330R 5% 0805(2012)
Added Member To Class: ClassName=microcontroller Member=Component R_LED3 330R 5% 0805(2012)
Added Member To Class: ClassName=microcontroller_Nets Member=Wire NetDS1_2
Added Member To Class: ClassName=microcontroller_Nets Member=Wire NetDS2_2
Added Member To Class: ClassName=microcontroller_Nets Member=Wire NetDS3_2
