Change component parameters: Designator = "U1"; Footprint = "WE-BAL_0805"; UniqueID = "\CBBCKGYW"
Change component parameters. Clean all parameters for all variants
Change component parameters (AddParameter): Name = "BalancedImpedance"; Value = "100O"; VariantName = "[No Variations]"
Change component parameters (AddParameter): Name = "ComponentLink1Description"; Value = "Manufacturer"; VariantName = "[No Variations]"
Change component parameters (AddParameter): Name = "ComponentLink1URL"; Value = "http://www.we-online.de"; VariantName = "[No Variations]"
Change component parameters (AddParameter): Name = "ComponentLink2Description"; Value = "Datasheet"; VariantName = "[No Variations]"
Change component parameters (AddParameter): Name = "ComponentLink2URL"; Value = "http://katalog.we-online.de/pbs/datasheet/748421245.pdf"; VariantName = "[No Variations]"
Change component parameters (AddParameter): Name = "Frequence"; Value = "2400-2500MHz"; VariantName = "[No Variations]"
Change component parameters (AddParameter): Name = "PartNumber"; Value = "748421245"; VariantName = "[No Variations]"
Change component parameters (AddParameter): Name = "PublishedDate"; Value = "Aug 2016"; VariantName = "[No Variations]"
Change component parameters (AddParameter): Name = "Publisher"; Value = "Wurth Elektronik"; VariantName = "[No Variations]"
Change component parameters (AddParameter): Name = "Size"; Value = "0805"; VariantName = "[No Variations]"
Change component parameters (AddParameter): Name = "Supplier 1"; Value = "Digikey"; VariantName = "[No Variations]"
Change component parameters (AddParameter): Name = "Supplier Part Number 1"; Value = "712-1065-6-ND"; VariantName = "[No Variations]"
Added Component: Designator=C?(CAPC0805(2012)100_L)
Add component. Clean all parameters for all variants
Add component (AddParameter): Name = "Case-EIA"; Value = "0805"; VariantName = "[No Variations]"
Add component (AddParameter): Name = "Case-Metric"; Value = "2012"; VariantName = "[No Variations]"
Add component (AddParameter): Name = "Max Thickness"; Value = "1 mm"; VariantName = "[No Variations]"
Add component (AddParameter): Name = "Rated Voltage"; Value = "16 V"; VariantName = "[No Variations]"
Add component (AddParameter): Name = "Technology"; Value = "SMT"; VariantName = "[No Variations]"
Add component (AddParameter): Name = "Tolerance"; Value = "±0.5pF"; VariantName = "[No Variations]"
Add component (AddParameter): Name = "Value"; Value = "12pF"; VariantName = "[No Variations]"
Added Component: Designator=C_OSC1(CAPC0805(2012)100_L)
Add component. Clean all parameters for all variants
Add component (AddParameter): Name = "Case-EIA"; Value = "0805"; VariantName = "[No Variations]"
Add component (AddParameter): Name = "Case-Metric"; Value = "2012"; VariantName = "[No Variations]"
Add component (AddParameter): Name = "Max Thickness"; Value = "1 mm"; VariantName = "[No Variations]"
Add component (AddParameter): Name = "Rated Voltage"; Value = "16 V"; VariantName = "[No Variations]"
Add component (AddParameter): Name = "Technology"; Value = "SMT"; VariantName = "[No Variations]"
Add component (AddParameter): Name = "Tolerance"; Value = "±0.5pF"; VariantName = "[No Variations]"
Add component (AddParameter): Name = "Value"; Value = "12pF"; VariantName = "[No Variations]"
Added Component: Designator=C_OSC2(CAPC0805(2012)100_L)
Add component. Clean all parameters for all variants
Add component (AddParameter): Name = "Case-EIA"; Value = "0805"; VariantName = "[No Variations]"
Add component (AddParameter): Name = "Case-Metric"; Value = "2012"; VariantName = "[No Variations]"
Add component (AddParameter): Name = "Max Thickness"; Value = "1 mm"; VariantName = "[No Variations]"
Add component (AddParameter): Name = "Rated Voltage"; Value = "16 V"; VariantName = "[No Variations]"
Add component (AddParameter): Name = "Technology"; Value = "SMT"; VariantName = "[No Variations]"
Add component (AddParameter): Name = "Tolerance"; Value = "±0.5pF"; VariantName = "[No Variations]"
Add component (AddParameter): Name = "Value"; Value = "12pF"; VariantName = "[No Variations]"
Added Component: Designator=XTAL1(crys)
Add component. Clean all parameters for all variants
Added Pin To Net: NetName=GND Pin=C_OSC1-1
Added Pin To Net: NetName=GND Pin=C_OSC2-1
Added Pin To Net: NetName=XTAL1 Pin=C_OSC2-2
Added Pin To Net: NetName=XTAL1 Pin=U2-57
Added Net: Name=XTAL1
Added Pin To Net: NetName=XTAL2 Pin=C_OSC1-2
Added Pin To Net: NetName=XTAL2 Pin=U2-56
Added Net: Name=XTAL2
Added Member To Class: ClassName=microcontroller Member=Component C? CAP 12pF 16V 0805(2012)
Added Member To Class: ClassName=microcontroller Member=Component C_OSC1 CAP 12pF 16V 0805(2012)
Added Member To Class: ClassName=microcontroller Member=Component C_OSC2 CAP 12pF 16V 0805(2012)
Added Member To Class: ClassName=microcontroller Member=Component XTAL1 crystal
Added Member To Class: ClassName=microcontroller_Nets Member=Wire XTAL1
Added Member To Class: ClassName=microcontroller_Nets Member=Wire XTAL2
